\BOOKMARK [-1][]{ctitle.-1}{\376\377\176\257\143\242\133\373\176\304\124\010\131\032\220\011\142\351\215\114\123\132\147\072\166\204\217\321\117\074\173\227\154\325\116\016\116\015\123\357\217\321\117\074\140\047}{}% 1
\BOOKMARK [0][]{thuchapter.1.0}{\376\377\116\055\145\207\144\130\211\201}{ctitle.-1}% 2
\BOOKMARK [0][]{thuchapter.2.0}{\376\377\000A\000B\000S\000T\000R\000A\000C\000T}{ctitle.-1}% 3
\BOOKMARK [0][]{thuchapter.3.0}{\376\377\166\356\000\040\137\125}{ctitle.-1}% 4
\BOOKMARK [0][]{chapter.1}{\376\377\173\054\000\040\0001\000\040\172\340\000\040\137\025\212\000}{ctitle.-1}% 5
\BOOKMARK [1][-]{section.1.1}{\376\377\0001\000.\0001\000\040\131\032\220\011\142\351\215\114\123\132\147\072\225\356\230\230}{chapter.1}% 6
\BOOKMARK [1][-]{section.1.2}{\376\377\0001\000.\0002\000\040\176\304\124\010\131\032\220\011\142\351\215\114\123\132\147\072\225\356\230\230}{chapter.1}% 7
\BOOKMARK [1][-]{section.1.3}{\376\377\0001\000.\0003\000\040\176\257\143\242\133\373\137\017\176\304\124\010\131\032\220\011\142\351\215\114\123\132\147\072\225\356\230\230}{chapter.1}% 8
\BOOKMARK [1][-]{section.1.4}{\376\377\0001\000.\0004\000\040\117\213\133\120}{chapter.1}% 9
\BOOKMARK [1][-]{section.1.5}{\376\377\0001\000.\0005\000\040\147\054\145\207\170\024\172\166\166\204\116\073\211\201\225\356\230\230}{chapter.1}% 10
\BOOKMARK [0][]{chapter.2}{\376\377\173\054\000\040\0002\000\040\172\340\000\040\176\257\143\242\133\373\176\304\124\010\131\032\220\011\142\351\215\114\123\132\147\072\225\356\230\230\166\204\217\321\117\074\173\227\154\325}{ctitle.-1}% 11
\BOOKMARK [1][-]{section.2.1}{\376\377\0002\000.\0001\000\040\122\240\140\047\217\321\117\074\173\227\154\325}{chapter.2}% 12
\BOOKMARK [1][-]{section.2.2}{\376\377\0002\000.\0002\000\040\116\130\140\047\217\321\117\074\173\227\154\325}{chapter.2}% 13
\BOOKMARK [0][]{chapter.3}{\376\377\173\054\000\040\0003\000\040\172\340\000\040\176\257\143\242\133\373\176\304\124\010\131\032\220\011\142\351\215\114\123\132\147\072\225\356\230\230\166\204\116\015\123\357\217\321\117\074\140\047\176\323\213\272}{ctitle.-1}% 14
\BOOKMARK [1][-]{section.3.1}{\376\377\0003\000.\0001\000\040\147\000\117\030\211\343\116\015\123\357\200\375\140\047\133\232\164\006}{chapter.3}% 15
\BOOKMARK [1][-]{section.3.2}{\376\377\0003\000.\0002\000\040\217\321\117\074\147\000\117\030\211\343\116\015\123\357\200\375\140\047\133\232\164\006}{chapter.3}% 16
\BOOKMARK [0][]{chapter.4}{\376\377\173\054\000\040\0004\000\040\172\340\000\040\133\232\164\006\166\204\213\301\146\016}{ctitle.-1}% 17
\BOOKMARK [1][-]{section.4.1}{\376\377\0004\000.\0001\000\040\133\232\164\006\0002\000.\0001\166\204\213\301\146\016}{chapter.4}% 18
\BOOKMARK [1][-]{section.4.2}{\376\377\0004\000.\0002\000\040\133\232\164\006\0002\000.\0002\166\204\213\301\146\016}{chapter.4}% 19
\BOOKMARK [1][-]{section.4.3}{\376\377\0004\000.\0003\000\040\133\232\164\006\0002\000.\0003\166\204\213\301\146\016}{chapter.4}% 20
\BOOKMARK [1][-]{section.4.4}{\376\377\0004\000.\0004\000\040\133\232\164\006\0002\000.\0004\166\204\213\301\146\016}{chapter.4}% 21
\BOOKMARK [1][-]{section.4.5}{\376\377\0004\000.\0005\000\040\133\232\164\006\0003\000.\0001\166\204\213\301\146\016}{chapter.4}% 22
\BOOKMARK [1][-]{section.4.6}{\376\377\0004\000.\0006\000\040\133\232\164\006\0003\000.\0002\166\204\213\301\146\016}{chapter.4}% 23
\BOOKMARK [1][-]{section.4.7}{\376\377\0004\000.\0007\000\040\121\163\116\216\124\004\133\232\164\006\116\055\173\227\154\325\131\015\147\102\140\047\166\204\122\006\147\220}{chapter.4}% 24
\BOOKMARK [0][]{chapter.5}{\376\377\173\054\000\040\0005\000\040\172\340\000\040\176\323\213\355}{ctitle.-1}% 25
\BOOKMARK [0][]{section*.13}{\376\377\121\154\137\017\175\042\137\025}{ctitle.-1}% 26
\BOOKMARK [0][]{section*.15}{\376\377\123\302\200\003\145\207\163\056}{ctitle.-1}% 27
\BOOKMARK [0][]{section*.17}{\376\377\201\364\000\040\214\042}{ctitle.-1}% 28
\BOOKMARK [0][]{section*.19}{\376\377\130\360\000\040\146\016}{ctitle.-1}% 29
\BOOKMARK [0][]{appendix.A}{\376\377\226\104\137\125\000\040\000A\000\040\202\361\145\207\145\207\163\056\214\003\170\024\142\245\124\112}{ctitle.-1}% 30
